<?xml version="1.0" encoding="UTF-8"?>
<!-- Generated by org.testng.reporters.JUnitReportReporter -->
<testsuite hostname="UNVII" failures="0" tests="1" name="Selinium.Testcase" time="10.310" errors="0" timestamp="2024-10-01T13:34:29 IST" skipped="0">
  <testcase classname="Selinium.Testcase" name="scrolltheHomepage" time="10.310"/>
  <system-out/>
</testsuite> <!-- Selinium.Testcase -->
